Using pre-set license
Built from '2020.3/staging' branch; Version is '2020.3.24f1 (79c78de19888) revision 7980941'; Using compiler version '192528614'; Build Type 'Release'
OS: 'Windows 10  (10.0.19041) 64bit Professional' Language: 'ko' Physical Memory: 16266 MB
BatchMode: 1, IsHumanControllingUs: 0, StartBugReporterOnCrash: 0, Is64bit: 1, IsPro: 0

COMMAND LINE ARGUMENTS:
D:\Unity\2020.3.24f1\Editor\Unity.exe
-adb2
-batchMode
-noUpm
-name
AssetImportWorker0
-projectPath
D:/Unity/github/Portfolio/My project
-logFile
Logs/AssetImportWorker0.log
-srvPort
64307
Successfully changed project path to: D:/Unity/github/Portfolio/My project
D:/Unity/github/Portfolio/My project
Using Asset Import Pipeline V2.
Refreshing native plugins compatible for Editor in 36.76 ms, found 2 plugins.
Preloading 0 native plugins for Editor in 0.00 ms.
Initialize engine version: 2020.3.24f1 (79c78de19888)
[Subsystems] Discovering subsystems at path D:/Unity/2020.3.24f1/Editor/Data/Resources/UnitySubsystems
[Subsystems] Discovering subsystems at path D:/Unity/github/Portfolio/My project/Assets
GfxDevice: creating device client; threaded=0
Direct3D:
    Version:  Direct3D 11.0 [level 11.1]
    Renderer: NVIDIA GeForce GTX 1060 3GB (ID=0x1b84)
    Vendor:   
    VRAM:     2988 MB
    Driver:   27.21.14.5671
Initialize mono
Mono path[0] = 'D:/Unity/2020.3.24f1/Editor/Data/Managed'
Mono path[1] = 'D:/Unity/2020.3.24f1/Editor/Data/MonoBleedingEdge/lib/mono/unityjit'
Mono config path = 'D:/Unity/2020.3.24f1/Editor/Data/MonoBleedingEdge/etc'
Using monoOptions --debugger-agent=transport=dt_socket,embedding=1,server=y,suspend=n,address=127.0.0.1:56260
Begin MonoManager ReloadAssembly
Registering precompiled unity dll's ...
Register platform support module: D:/Unity/2020.3.24f1/Editor/Data/PlaybackEngines/WebGLSupport/UnityEditor.WebGL.Extensions.dll
Register platform support module: D:/Unity/2020.3.24f1/Editor/Data/PlaybackEngines/WindowsStandaloneSupport/UnityEditor.WindowsStandalone.Extensions.dll
Registered in 0.001430 seconds.
Native extension for WindowsStandalone target not found
Native extension for WebGL target not found
Refreshing native plugins compatible for Editor in 34.66 ms, found 2 plugins.
Preloading 0 native plugins for Editor in 0.00 ms.
Mono: successfully reloaded assembly
- Completed reload, in  0.635 seconds
Domain Reload Profiling:
	ReloadAssembly (635ms)
		BeginReloadAssembly (52ms)
			ExecutionOrderSort (0ms)
			DisableScriptedObjects (0ms)
			BackupInstance (0ms)
			ReleaseScriptingObjects (0ms)
			CreateAndSetChildDomain (1ms)
		EndReloadAssembly (505ms)
			LoadAssemblies (52ms)
			RebuildTransferFunctionScriptingTraits (0ms)
			SetupTypeCache (190ms)
			ReleaseScriptCaches (0ms)
			RebuildScriptCaches (32ms)
			SetupLoadedEditorAssemblies (176ms)
				LogAssemblyErrors (0ms)
				InitializePlatformSupportModulesInManaged (5ms)
				SetLoadedEditorAssemblies (0ms)
				RefreshPlugins (35ms)
				BeforeProcessingInitializeOnLoad (17ms)
				ProcessInitializeOnLoadAttributes (87ms)
				ProcessInitializeOnLoadMethodAttributes (31ms)
				AfterProcessingInitializeOnLoad (0ms)
				EditorAssembliesLoaded (0ms)
			ExecutionOrderSort2 (0ms)
			AwakeInstancesAfterBackupRestoration (0ms)
Platform modules already initialized, skipping
Registering precompiled user dll's ...
Registered in 0.003607 seconds.
Begin MonoManager ReloadAssembly
Symbol file data-000002CA0F291CA0 doesn't match image D:\Unity\github\Portfolio\My project\Library\ScriptAssemblies\Unity.Services.Core.Editor.dll
Symbol file LoadedFromMemory is not a mono symbol file
Symbol file data-000002CA0FB18A00 doesn't match image D:\Unity\github\Portfolio\My project\Library\ScriptAssemblies\Unity.VSCode.Editor.dll
Symbol file LoadedFromMemory is not a mono symbol file
Symbol file data-000002CA0A3AF010 doesn't match image D:\Unity\github\Portfolio\My project\Library\ScriptAssemblies\Unity.TextMeshPro.Editor.dll
Symbol file LoadedFromMemory is not a mono symbol file
Symbol file data-000002CA0F291CA0 doesn't match image D:\Unity\github\Portfolio\My project\Library\ScriptAssemblies\Unity.VisualStudio.Editor.dll
Symbol file LoadedFromMemory is not a mono symbol file
Symbol file data-000002CA09CB96C0 doesn't match image D:\Unity\github\Portfolio\My project\Library\ScriptAssemblies\UnityEngine.TestRunner.dll
Symbol file LoadedFromMemory is not a mono symbol file
Symbol file data-000002CA0ECCA020 doesn't match image D:\Unity\github\Portfolio\My project\Library\ScriptAssemblies\Unity.Timeline.Editor.dll
Symbol file LoadedFromMemory is not a mono symbol file
Symbol file data-000002CA0F763C40 doesn't match image D:\Unity\github\Portfolio\My project\Library\ScriptAssemblies\Unity.Timeline.dll
Symbol file LoadedFromMemory is not a mono symbol file
Symbol file data-000002CA0A4FC010 doesn't match image D:\Unity\github\Portfolio\My project\Library\ScriptAssemblies\Unity.TextMeshPro.dll
Symbol file LoadedFromMemory is not a mono symbol file
Symbol file data-000002CA0F763C40 doesn't match image D:\Unity\github\Portfolio\My project\Library\ScriptAssemblies\Unity.CollabProxy.Editor.dll
Symbol file LoadedFromMemory is not a mono symbol file
Symbol file data-000002CA0A31D420 doesn't match image D:\Unity\github\Portfolio\My project\Library\ScriptAssemblies\UnityEditor.TestRunner.dll
Symbol file LoadedFromMemory is not a mono symbol file
Symbol file data-000002CA0F291CA0 doesn't match image D:\Unity\github\Portfolio\My project\Library\ScriptAssemblies\UnityEditor.UI.dll
Symbol file LoadedFromMemory is not a mono symbol file
Symbol file data-000002CA0ECCA020 doesn't match image D:\Unity\github\Portfolio\My project\Library\ScriptAssemblies\Unity.PlasticSCM.Editor.dll
Symbol file LoadedFromMemory is not a mono symbol file
Symbol file data-000002CA0F01C220 doesn't match image D:\Unity\github\Portfolio\My project\Library\ScriptAssemblies\Unity.Rider.Editor.dll
Symbol file LoadedFromMemory is not a mono symbol file
Symbol file data-000002CA0E374020 doesn't match image D:\Unity\github\Portfolio\My project\Library\ScriptAssemblies\UnityEngine.UI.dll
Symbol file LoadedFromMemory is not a mono symbol file
Native extension for WindowsStandalone target not found
Native extension for WebGL target not found
Refreshing native plugins compatible for Editor in 0.36 ms, found 2 plugins.
Preloading 0 native plugins for Editor in 0.00 ms.
Mono: successfully reloaded assembly
- Completed reload, in  1.018 seconds
Domain Reload Profiling:
	ReloadAssembly (1018ms)
		BeginReloadAssembly (153ms)
			ExecutionOrderSort (0ms)
			DisableScriptedObjects (5ms)
			BackupInstance (0ms)
			ReleaseScriptingObjects (0ms)
			CreateAndSetChildDomain (19ms)
		EndReloadAssembly (808ms)
			LoadAssemblies (84ms)
			RebuildTransferFunctionScriptingTraits (0ms)
			SetupTypeCache (292ms)
			ReleaseScriptCaches (0ms)
			RebuildScriptCaches (45ms)
			SetupLoadedEditorAssemblies (294ms)
				LogAssemblyErrors (0ms)
				InitializePlatformSupportModulesInManaged (5ms)
				SetLoadedEditorAssemblies (0ms)
				RefreshPlugins (0ms)
				BeforeProcessingInitializeOnLoad (76ms)
				ProcessInitializeOnLoadAttributes (201ms)
				ProcessInitializeOnLoadMethodAttributes (8ms)
				AfterProcessingInitializeOnLoad (2ms)
				EditorAssembliesLoaded (0ms)
			ExecutionOrderSort2 (0ms)
			AwakeInstancesAfterBackupRestoration (6ms)
Platform modules already initialized, skipping
========================================================================
Worker process is ready to serve import requests
Launched and connected shader compiler UnityShaderCompiler.exe after 0.07 seconds
Refreshing native plugins compatible for Editor in 0.34 ms, found 2 plugins.
Preloading 0 native plugins for Editor in 0.00 ms.
Unloading 1538 Unused Serialized files (Serialized files now loaded: 0)
System memory in use before: 73.0 MB.
System memory in use after: 73.1 MB.

Unloading 19 unused Assets to reduce memory usage. Loaded Objects now: 1972.
Total: 2.746000 ms (FindLiveObjects: 0.157600 ms CreateObjectMapping: 0.055600 ms MarkObjects: 2.457300 ms  DeleteObjects: 0.074400 ms)

AssetImportParameters requested are different than current active one (requested -> active):
  custom:framework-win-MediaFoundation: 216162199b28c13a410421893ffa2e32 -> 
  custom:video-decoder-ogg-theora: a1e56fd34408186e4bbccfd4996cb3dc -> 
  custom:container-muxer-webm: aa71ff27fc2769a1b78a27578f13a17b -> 
  custom:container-demuxer-webm: 4f35f7cbe854078d1ac9338744f61a02 -> 
  custom:container-demuxer-ogg: 62fdf1f143b41e24485cea50d1cbac27 -> 
  custom:video-encoder-webm-vp8: eb34c28f22e8b96e1ab97ce403110664 -> 
  custom:video-decoder-webm-vp8: 9c59270c3fd7afecdb556c50c9e8de78 -> 
  custom:audio-decoder-ogg-vorbis: bf7c407c2cedff20999df2af8eb42d56 -> 
  custom:audio-encoder-webm-vorbis: bf7c407c2cedff20999df2af8eb42d56 -> 
========================================================================
Received Import Request.
  path: Assets/Animation/Anim.controller
  artifactKey: Guid(1fc9dfc520176734088ec753ee820ca0) Importer(815301076,1909f56bfc062723c751e8b465ee728b)
Start importing Assets/Animation/Anim.controller using Guid(1fc9dfc520176734088ec753ee820ca0) Importer(815301076,1909f56bfc062723c751e8b465ee728b)  -> (artifact id: 'f4ae9d74ad43a6f8d61269af2b216323') in 0.205760 seconds 
  Import took 0.208986 seconds .

========================================================================
Received Import Request.
  Time since last request: 41.418300 seconds.
  path: Assets/Ninja Warrior Mecanim Animation Pack/Characters
  artifactKey: Guid(3df13a03954ad1a4d810ecd713b70810) Importer(815301076,1909f56bfc062723c751e8b465ee728b)
Start importing Assets/Ninja Warrior Mecanim Animation Pack/Characters using Guid(3df13a03954ad1a4d810ecd713b70810) Importer(815301076,1909f56bfc062723c751e8b465ee728b)  -> (artifact id: 'd00c90fa3eb4d191f7145d6cd39c3d95') in 0.006808 seconds 
  Import took 0.009503 seconds .

========================================================================
Received Import Request.
  Time since last request: 0.347638 seconds.
  path: Assets/Ninja Warrior Mecanim Animation Pack/Animations
  artifactKey: Guid(4dfa535baf8217a4a8457d8d43251860) Importer(815301076,1909f56bfc062723c751e8b465ee728b)
Start importing Assets/Ninja Warrior Mecanim Animation Pack/Animations using Guid(4dfa535baf8217a4a8457d8d43251860) Importer(815301076,1909f56bfc062723c751e8b465ee728b)  -> (artifact id: 'eff988e462078788fe3a651847696877') in 0.008190 seconds 
  Import took 0.010725 seconds .

========================================================================
Received Import Request.
  Time since last request: 9.027474 seconds.
  path: Assets/Prefabs/1Nomal@.FBX
  artifactKey: Guid(eee8d9dc66e7b3c4581bf065ed0677ce) Importer(815301076,1909f56bfc062723c751e8b465ee728b)
Start importing Assets/Prefabs/1Nomal@.FBX using Guid(eee8d9dc66e7b3c4581bf065ed0677ce) Importer(815301076,1909f56bfc062723c751e8b465ee728b)  -> (artifact id: 'e3cf884bc006c9770aa461aee296663c') in 0.030614 seconds 
  Import took 0.033479 seconds .

========================================================================
Received Import Request.
  Time since last request: 0.769495 seconds.
  path: Assets/Prefabs/2Samash@.FBX
  artifactKey: Guid(388866d801cf0f34daa7a600517209b2) Importer(815301076,1909f56bfc062723c751e8b465ee728b)
Start importing Assets/Prefabs/2Samash@.FBX using Guid(388866d801cf0f34daa7a600517209b2) Importer(815301076,1909f56bfc062723c751e8b465ee728b)  -> (artifact id: 'dd164d100e0100591cfb2c2f64d2f847') in 0.010536 seconds 
  Import took 0.013300 seconds .

========================================================================
Received Import Request.
  Time since last request: 12.159334 seconds.
  path: Assets/Ninja Warrior Mecanim Animation Pack/Animations/Ninja@Attack1.FBX
  artifactKey: Guid(56ab86ec6ac04b844ba9895c50fafaa2) Importer(815301076,1909f56bfc062723c751e8b465ee728b)
Start importing Assets/Ninja Warrior Mecanim Animation Pack/Animations/Ninja@Attack1.FBX using Guid(56ab86ec6ac04b844ba9895c50fafaa2) Importer(815301076,1909f56bfc062723c751e8b465ee728b)  -> (artifact id: 'e2aab4b0a628666d1f841d0d5ca66be3') in 0.011656 seconds 
  Import took 0.014396 seconds .

========================================================================
Received Import Request.
  Time since last request: 22.461992 seconds.
  path: Assets/Prefabs/NomalAttackA.anim
  artifactKey: Guid(55c7b140db0933742aa2c788b3f39d2f) Importer(815301076,1909f56bfc062723c751e8b465ee728b)
Start importing Assets/Prefabs/NomalAttackA.anim using Guid(55c7b140db0933742aa2c788b3f39d2f) Importer(815301076,1909f56bfc062723c751e8b465ee728b)  -> (artifact id: '5c99890d467800786902f26de37b40cc') in 0.014909 seconds 
  Import took 0.017869 seconds .

========================================================================
Received Import Request.
  Time since last request: 2.045872 seconds.
  path: Assets/Prefabs/NomalAttackB.anim
  artifactKey: Guid(2db1603c775894c42b88350059bf3786) Importer(815301076,1909f56bfc062723c751e8b465ee728b)
Start importing Assets/Prefabs/NomalAttackB.anim using Guid(2db1603c775894c42b88350059bf3786) Importer(815301076,1909f56bfc062723c751e8b465ee728b)  -> (artifact id: '8d6bdba19927a5b61a45db70bd5d97dc') in 0.012911 seconds 
  Import took 0.015741 seconds .

AssetImportWorkerClient::OnTransportError - code=2 error=End of file
